yarn run v1.22.22
$ node scripts/check-node-version.cjs
[32m✓ Using Node.js v23.11.0 (required: 20.18.0)[0m
$ next build
   ▲ Next.js 15.3.3
   - Environments: .env.local

   Creating an optimized production build ...
Failed to compile.

./src/components/CuisineRecommender.tsx
Error:   [31mx[0m Unexpected token `div`. Expected jsx identifier
     ,-[[36;1;4m/Users/GregCastro/Desktop/WhatToEatNext/src/components/CuisineRecommender.tsx[0m:723:1]
 [2m720[0m |   );
 [2m721[0m | 
 [2m722[0m |   return (
 [2m723[0m |     <div className="bg-white rounded-lg shadow p-4">
     : [35;1m     ^^^[0m
 [2m724[0m |       <h2 className="text-xl font-medium mb-3">Celestial Cuisine Guide</h2>
 [2m725[0m | 
 [2m726[0m |       {/* Group cuisine cards in a better grid layout */}
     `----

Caused by:
    Syntax Error

Import trace for requested module:
./src/components/CuisineRecommender.tsx
./src/app/page.tsx

./src/services/IngredientService.ts
Error:   [31mx[0m Expression expected
     ,-[[36;1;4m/Users/GregCastro/Desktop/WhatToEatNext/src/services/IngredientService.ts[0m:485:1]
 [2m482[0m |         
 [2m483[0m |         // Check dAiry-free requirement
 [2m484[0m |         if (filter.isDAiryFree && ingredient.tags && 
 [2m485[0m |             safeSome(Array.isArray(ingredient.tags) ? ingredient.tags : [ingredient.tags], tags) === 'dAiry')) {
     : [35;1m                                                                                                             ^[0m
 [2m486[0m |           return false;
 [2m487[0m |         }
 [2m488[0m |         
     `----

Caused by:
    Syntax Error

Import trace for requested module:
./src/services/IngredientService.ts
./src/services/index.ts
./src/hooks/useServices.ts
./src/app/test/migrated-components/cooking-methods-section/page.tsx

./src/services/LocalRecipeService.ts
Error:   [31mx[0m Expected ',', got '}'
     ,-[[36;1;4m/Users/GregCastro/Desktop/WhatToEatNext/src/services/LocalRecipeService.ts[0m:329:1]
 [2m326[0m |             typeof cuisine?.dishes?.[mealType] === 'object' && 
 [2m327[0m |             cuisine?.dishes?.[mealType].all && 
 [2m328[0m |             Array.isArray(cuisine?.dishes?.[mealType].all)) {
 [2m329[0m |           console.log(`Found ${((cuisine?.dishes?.[mealType]?.all || []).length} ${mealType} recipes in 'all' season for ${cuisine.name}`);
     : [35;1m                                                                               ^[0m
 [2m330[0m |         } else if (isSpecialCase) {
 [2m331[0m |           // Debug problematic cuisine
 [2m332[0m |           console.warn(`No '${mealType}.all' array found for ${cuisine.name}`);
     `----

Caused by:
    Syntax Error

Import trace for requested module:
./src/services/LocalRecipeService.ts
./src/services/index.ts
./src/hooks/useServices.ts
./src/app/test/migrated-components/cooking-methods-section/page.tsx

./src/services/RecipeElementalService.ts
Error:   [31mx[0m Not a pattern
     ,-[[36;1;4m/Users/GregCastro/Desktop/WhatToEatNext/src/services/RecipeElementalService.ts[0m:125:1]
 [2m122[0m |           elementalProps.Earth += 0.05;
 [2m123[0m |           elementalProps.Water -= 0.15;
 [2m124[0m |           elementalProps.Air -= 0.1;
 [2m125[0m |         } else if (Array.isArray((method) ? (method.includes('steam') : (method === 'steam') || (Array.isArray(method) ? method.includes('boil') : method === 'boil') || (Array.isArray(method) ? method.includes('poach') : method === 'poach')) {
     : [35;1m                                             ^^^^^^^^^^^^^^^^^^^^^^^^[0m
 [2m126[0m |           elementalProps.Water += 0.2;
 [2m127[0m |           elementalProps.Fire -= 0.15;
 [2m128[0m |           elementalProps.Air += 0.05;
     `----
  [31mx[0m Expected ',', got ':'
     ,-[[36;1;4m/Users/GregCastro/Desktop/WhatToEatNext/src/services/RecipeElementalService.ts[0m:125:1]
 [2m122[0m |           elementalProps.Earth += 0.05;
 [2m123[0m |           elementalProps.Water -= 0.15;
 [2m124[0m |           elementalProps.Air -= 0.1;
 [2m125[0m |         } else if (Array.isArray((method) ? (method.includes('steam') : (method === 'steam') || (Array.isArray(method) ? method.includes('boil') : method === 'boil') || (Array.isArray(method) ? method.includes('poach') : method === 'poach')) {
     : [35;1m               ^|[0m[33;1m                                                     ^[0m
     :                 [35;1m`-- [35;1mTried to parse the condition for an if statement[0m[0m
 [2m126[0m |           elementalProps.Water += 0.2;
 [2m127[0m |           elementalProps.Fire -= 0.15;
 [2m128[0m |           elementalProps.Air += 0.05;
     `----

Caused by:
    Syntax Error

Import trace for requested module:
./src/services/RecipeElementalService.ts
./src/services/index.ts
./src/hooks/useServices.ts
./src/app/test/migrated-components/cooking-methods-section/page.tsx

./src/services/RecommendationAdapter.ts
Error:   [31mx[0m Expected ident
     ,-[[36;1;4m/Users/GregCastro/Desktop/WhatToEatNext/src/services/RecommendationAdapter.ts[0m:235:1]
 [2m232[0m |       // Apply tarot planetary boosts if available
 [2m233[0m |       if (this.tarotPlanetaryBoosts) {
 [2m234[0m |         // Find planet information in the planetary positions
 [2m235[0m |         Object.entries(this.(tarotPlanetaryBoosts)? || []).forEach(([planet, boost]) => {
     : [35;1m                            ^[0m
 [2m236[0m |           // Apply boost to corresponding alchemical property based on planet
 [2m237[0m |           switch (planet?.toLowerCase()) {
 [2m238[0m |             case 'Sun':
     `----

Caused by:
    Syntax Error

Import trace for requested module:
./src/services/RecommendationAdapter.ts
./src/services/index.ts
./src/hooks/useServices.ts
./src/app/test/migrated-components/cooking-methods-section/page.tsx


> Build failed because of webpack errors
error Command failed with exit code 1.
info Visit https://yarnpkg.com/en/docs/cli/run for documentation about this command.
